{"/Users/indiamaris/Documents/CODE/unitestTS/reacteste/reacTSting/src/App.tsx": {"path":"/Users/indiamaris/Documents/CODE/unitestTS/reacteste/reacTSting/src/App.tsx","statementMap":{"0":{"start":{"line":3,"column":0},"end":{"line":3,"column":19}},"1":{"start":{"line":6,"column":1},"end":{"line":10,"column":3}},"2":{"start":{"line":13,"column":0},"end":{"line":13,"column":19}}},"fnMap":{"0":{"name":"App","decl":{"start":{"line":5,"column":9},"end":{"line":5,"column":12}},"loc":{"start":{"line":5,"column":12},"end":{"line":11,"column":1}}}},"branchMap":{},"s":{"0":1,"1":1,"2":1},"f":{"0":1},"b":{}}
}
