{"/Users/indiamaris/Documents/CODE/unitestTS/reacteste/reacTSting/src/components/app/App.tsx": {"path":"/Users/indiamaris/Documents/CODE/unitestTS/reacteste/reacTSting/src/components/app/App.tsx","statementMap":{"0":{"start":{"line":3,"column":0},"end":{"line":3,"column":32}},"1":{"start":{"line":4,"column":0},"end":{"line":4,"column":19}},"2":{"start":{"line":7,"column":1},"end":{"line":11,"column":3}},"3":{"start":{"line":14,"column":0},"end":{"line":14,"column":19}}},"fnMap":{"0":{"name":"App","decl":{"start":{"line":6,"column":9},"end":{"line":6,"column":12}},"loc":{"start":{"line":6,"column":12},"end":{"line":12,"column":1}}}},"branchMap":{},"s":{"0":1,"1":1,"2":1,"3":1},"f":{"0":1},"b":{}}
,"/Users/indiamaris/Documents/CODE/unitestTS/reacteste/reacTSting/src/components/heading/heading.tsx": {"path":"/Users/indiamaris/Documents/CODE/unitestTS/reacteste/reacTSting/src/components/heading/heading.tsx","statementMap":{"0":{"start":{"line":2,"column":0},"end":{"line":2,"column":24}},"1":{"start":{"line":6,"column":16},"end":{"line":8,"column":1}},"2":{"start":{"line":7,"column":1},"end":{"line":7,"column":67}},"3":{"start":{"line":9,"column":0},"end":{"line":9,"column":23}}},"fnMap":{"0":{"name":"(anonymous_0)","decl":{"start":{"line":6,"column":16},"end":{"line":6,"column":17}},"loc":{"start":{"line":6,"column":40},"end":{"line":8,"column":1}}}},"branchMap":{},"s":{"0":2,"1":2,"2":2,"3":2},"f":{"0":2},"b":{}}
,"/Users/indiamaris/Documents/CODE/unitestTS/reacteste/reacTSting/src/components/home/home.tsx": {"path":"/Users/indiamaris/Documents/CODE/unitestTS/reacteste/reacTSting/src/components/home/home.tsx","statementMap":{"0":{"start":{"line":3,"column":0},"end":{"line":3,"column":41}},"1":{"start":{"line":5,"column":13},"end":{"line":14,"column":1}},"2":{"start":{"line":6,"column":18},"end":{"line":6,"column":27}},"3":{"start":{"line":7,"column":1},"end":{"line":13,"column":3}},"4":{"start":{"line":16,"column":0},"end":{"line":16,"column":20}}},"fnMap":{"0":{"name":"(anonymous_0)","decl":{"start":{"line":5,"column":13},"end":{"line":5,"column":16}},"loc":{"start":{"line":5,"column":18},"end":{"line":14,"column":1}}}},"branchMap":{},"s":{"0":2,"1":2,"2":2,"3":2,"4":2},"f":{"0":2},"b":{}}
}
